03/31/2018 12:51:24 PM https://bugs.jst/bugs/gethw/?ip=172.28.6.110
03/31/2018 12:57:51 PM https://bugs.jst/bugs/gethw/?ip=172.28.6.110
03/31/2018 01:02:09 PM https://bugs.jst/bugs/gethw/?ip=172.28.6.110
03/31/2018 01:03:31 PM https://bugs.jst/bugs/gethw/?ip=172.28.6.110
03/31/2018 01:06:45 PM https://bugs.jst/bugs/gethw/?ip=172.28.6.110
03/31/2018 01:06:54 PM https://bugs.jst/bugs/gethw/?ip=172.28.6.110
03/31/2018 01:07:24 PM https://bugs.jst/bugs/gethw/?ip=172.28.6.110
03/31/2018 01:07:40 PM https://bugs.jst/bugs/gethw/?ip=172.28.6.110
03/31/2018 01:10:54 PM https://bugs.jst/bugs/gethw/?ip=172.28.6.110
03/31/2018 01:21:20 PM https://bugs.jst/bugs/gethw/?ip=172.28.6.110
03/31/2018 01:21:32 PM https://bugs.jst/bugs/gethw/?ip=172.28.6.110
03/31/2018 01:22:37 PM https://bugs.jst/bugs/gethw/?id=d10
03/31/2018 01:22:51 PM https://bugs.jst/bugs/gethw/?id=10
03/31/2018 01:23:07 PM https://bugs.jst/bugs/gethw/?id=10
03/31/2018 01:23:34 PM https://bugs.jst/bugs/gethw/?id=10
03/31/2018 01:24:22 PM https://bugs.jst/bugs/gethw/?id=1115
03/31/2018 01:24:58 PM https://bugs.jst/bugs/gethw/?id=d1115
03/31/2018 01:26:43 PM https://bugs.jst/bugs/gethw/?id=d1115
03/31/2018 01:27:19 PM https://bugs.jst/bugs/gethw/?id=d1115
03/31/2018 01:31:11 PM https://bugs.jst/bugs/gethw/?id=1115
03/31/2018 01:34:03 PM https://bugs.jst/bugs/gethw/?id=1115
03/31/2018 01:45:06 PM https://bugs.jst/bugs/gethw/?id=1115
03/31/2018 01:49:45 PM https://bugs.jst/bugs/gethw/?id=1115
03/31/2018 02:21:54 PM https://bugs.jst/bugs/gethw/?id=1115
03/31/2018 02:52:12 PM file test/test.log not exist
03/31/2018 02:52:20 PM file test/test.log not exist
03/31/2018 02:57:13 PM file D:\work\justlan\portMonitor\portDown-monitor\app\test/test.log not exist
03/31/2018 02:59:26 PM file D:\work\justlan\portMonitor\portDown-monitor\app\test	est.log not exist
03/31/2018 02:59:39 PM file D:\work\justlan\portMonitor\portDown-monitor\app\test	est.log not exist
03/31/2018 03:00:30 PM file D:\work\justlan\portMonitor\portDown-monitor\app\test\test.log not exist
03/31/2018 03:03:41 PM clear file D:\work\justlan\portMonitor\portDown-monitor\app\..\test\test.log
03/31/2018 03:24:10 PM cant parse lise "
"
03/31/2018 03:26:42 PM cant parse lise "
"
03/31/2018 03:27:30 PM cant parse lise "
"
03/31/2018 03:30:36 PM cant parse lise "
"
03/31/2018 03:30:37 PM cant parse lise "
"
03/31/2018 03:30:38 PM cant parse lise "
"
03/31/2018 03:34:53 PM cant parse lise "
"
03/31/2018 03:34:53 PM https://bugs.jst/bugs/gethw/?id=11242
03/31/2018 03:34:53 PM https://bugs.jst/bugs/gethw/?id=594
03/31/2018 03:34:53 PM https://bugs.jst/bugs/gethw/?id=11652
03/31/2018 03:34:53 PM https://bugs.jst/bugs/gethw/?id=9675
03/31/2018 03:34:53 PM https://bugs.jst/bugs/gethw/?id=9675
03/31/2018 03:34:53 PM https://bugs.jst/bugs/gethw/?id=9675
03/31/2018 03:34:53 PM https://bugs.jst/bugs/gethw/?id=9675
03/31/2018 03:34:53 PM https://bugs.jst/bugs/gethw/?id=11843
03/31/2018 03:34:54 PM https://bugs.jst/bugs/gethw/?id=610
03/31/2018 03:34:54 PM https://bugs.jst/bugs/gethw/?id=11652
03/31/2018 03:34:54 PM https://bugs.jst/bugs/gethw/?id=665
03/31/2018 03:34:54 PM https://bugs.jst/bugs/gethw/?id=713
03/31/2018 03:34:54 PM https://bugs.jst/bugs/gethw/?id=11843
03/31/2018 03:34:54 PM https://bugs.jst/bugs/gethw/?id=583
03/31/2018 03:34:54 PM https://bugs.jst/bugs/gethw/?id=11652
03/31/2018 03:34:54 PM https://bugs.jst/bugs/gethw/?id=594
03/31/2018 03:34:54 PM https://bugs.jst/bugs/gethw/?id=11843
03/31/2018 03:34:54 PM https://bugs.jst/bugs/gethw/?id=2649
03/31/2018 03:34:54 PM https://bugs.jst/bugs/gethw/?id=610
03/31/2018 03:34:55 PM https://bugs.jst/bugs/gethw/?id=9986
03/31/2018 03:34:55 PM https://bugs.jst/bugs/gethw/?id=11652
03/31/2018 03:34:55 PM https://bugs.jst/bugs/gethw/?id=665
03/31/2018 03:34:55 PM https://bugs.jst/bugs/gethw/?id=713
03/31/2018 03:34:55 PM https://bugs.jst/bugs/gethw/?id=11843
03/31/2018 03:34:55 PM https://bugs.jst/bugs/gethw/?id=583
03/31/2018 03:34:55 PM https://bugs.jst/bugs/gethw/?id=11652
03/31/2018 03:34:55 PM https://bugs.jst/bugs/gethw/?id=2649
03/31/2018 03:34:55 PM https://bugs.jst/bugs/gethw/?id=594
03/31/2018 03:34:55 PM https://bugs.jst/bugs/gethw/?id=9986
03/31/2018 03:34:55 PM https://bugs.jst/bugs/gethw/?id=11843
03/31/2018 03:34:56 PM https://bugs.jst/bugs/gethw/?id=610
03/31/2018 03:34:56 PM https://bugs.jst/bugs/gethw/?id=11652
03/31/2018 03:34:56 PM https://bugs.jst/bugs/gethw/?id=665
03/31/2018 03:34:56 PM https://bugs.jst/bugs/gethw/?id=713
03/31/2018 03:34:56 PM https://bugs.jst/bugs/gethw/?id=11843
03/31/2018 03:34:56 PM https://bugs.jst/bugs/gethw/?id=2649
03/31/2018 03:34:56 PM https://bugs.jst/bugs/gethw/?id=583
03/31/2018 03:34:57 PM https://bugs.jst/bugs/gethw/?id=11652
03/31/2018 03:34:57 PM https://bugs.jst/bugs/gethw/?id=594
03/31/2018 03:34:57 PM https://bugs.jst/bugs/gethw/?id=11843
03/31/2018 03:34:57 PM https://bugs.jst/bugs/gethw/?id=11657
03/31/2018 03:34:57 PM https://bugs.jst/bugs/gethw/?id=610
03/31/2018 03:34:58 PM https://bugs.jst/bugs/gethw/?id=11652
03/31/2018 03:34:58 PM https://bugs.jst/bugs/gethw/?id=665
03/31/2018 03:34:58 PM https://bugs.jst/bugs/gethw/?id=11843
03/31/2018 03:34:58 PM https://bugs.jst/bugs/gethw/?id=713
03/31/2018 03:34:58 PM https://bugs.jst/bugs/gethw/?id=583
03/31/2018 03:34:58 PM https://bugs.jst/bugs/gethw/?id=11652
03/31/2018 03:34:58 PM https://bugs.jst/bugs/gethw/?id=11843
03/31/2018 03:34:59 PM https://bugs.jst/bugs/gethw/?id=594
03/31/2018 03:34:59 PM https://bugs.jst/bugs/gethw/?id=11652
03/31/2018 03:34:59 PM https://bugs.jst/bugs/gethw/?id=610
03/31/2018 03:34:59 PM https://bugs.jst/bugs/gethw/?ip=172.28.50.33
03/31/2018 03:34:59 PM https://bugs.jst/bugs/gethw/?id=11843
03/31/2018 03:35:00 PM https://bugs.jst/bugs/gethw/?id=665
03/31/2018 03:35:00 PM https://bugs.jst/bugs/gethw/?id=713
03/31/2018 03:35:00 PM https://bugs.jst/bugs/gethw/?id=11652
03/31/2018 03:35:00 PM https://bugs.jst/bugs/gethw/?id=583
03/31/2018 03:35:00 PM https://bugs.jst/bugs/gethw/?id=11843
03/31/2018 03:35:00 PM https://bugs.jst/bugs/gethw/?id=594
03/31/2018 03:35:00 PM https://bugs.jst/bugs/gethw/?id=11562
03/31/2018 03:35:00 PM https://bugs.jst/bugs/gethw/?id=11652
03/31/2018 03:35:00 PM https://bugs.jst/bugs/gethw/?id=610
03/31/2018 03:35:00 PM https://bugs.jst/bugs/gethw/?id=11620
03/31/2018 03:35:01 PM https://bugs.jst/bugs/gethw/?id=11843
03/31/2018 03:35:01 PM https://bugs.jst/bugs/gethw/?id=665
03/31/2018 03:35:01 PM https://bugs.jst/bugs/gethw/?id=11318
03/31/2018 03:35:01 PM https://bugs.jst/bugs/gethw/?id=713
03/31/2018 03:35:01 PM https://bugs.jst/bugs/gethw/?id=9555
03/31/2018 03:35:01 PM https://bugs.jst/bugs/gethw/?id=11652
03/31/2018 03:35:01 PM https://bugs.jst/bugs/gethw/?id=583
03/31/2018 03:35:01 PM https://bugs.jst/bugs/gethw/?id=2649
03/31/2018 03:35:01 PM https://bugs.jst/bugs/gethw/?ip=172.28.50.33
03/31/2018 03:35:01 PM https://bugs.jst/bugs/gethw/?id=11843
03/31/2018 03:35:01 PM https://bugs.jst/bugs/gethw/?id=594
03/31/2018 03:35:02 PM https://bugs.jst/bugs/gethw/?id=11652
03/31/2018 03:35:02 PM https://bugs.jst/bugs/gethw/?id=9463
03/31/2018 03:35:02 PM https://bugs.jst/bugs/gethw/?id=11134
03/31/2018 03:35:02 PM https://bugs.jst/bugs/gethw/?id=610
03/31/2018 03:35:02 PM https://bugs.jst/bugs/gethw/?id=11843
03/31/2018 03:35:02 PM https://bugs.jst/bugs/gethw/?id=9463
03/31/2018 03:35:02 PM https://bugs.jst/bugs/gethw/?id=665
03/31/2018 03:35:02 PM https://bugs.jst/bugs/gethw/?id=713
03/31/2018 03:35:02 PM https://bugs.jst/bugs/gethw/?id=11652
03/31/2018 03:35:02 PM https://bugs.jst/bugs/gethw/?id=11134
03/31/2018 03:35:02 PM https://bugs.jst/bugs/gethw/?id=2649
03/31/2018 03:35:03 PM https://bugs.jst/bugs/gethw/?id=11657
03/31/2018 03:35:03 PM https://bugs.jst/bugs/gethw/?id=583
03/31/2018 03:35:03 PM https://bugs.jst/bugs/gethw/?id=11843
03/31/2018 03:35:03 PM https://bugs.jst/bugs/gethw/?id=9463
03/31/2018 03:35:03 PM https://bugs.jst/bugs/gethw/?id=9583
03/31/2018 03:35:03 PM https://bugs.jst/bugs/gethw/?id=594
03/31/2018 03:35:03 PM https://bugs.jst/bugs/gethw/?id=11652
03/31/2018 03:35:03 PM https://bugs.jst/bugs/gethw/?id=610
03/31/2018 03:35:03 PM https://bugs.jst/bugs/gethw/?id=11843
03/31/2018 03:35:03 PM https://bugs.jst/bugs/gethw/?id=11134
03/31/2018 03:35:03 PM https://bugs.jst/bugs/gethw/?id=10973
03/31/2018 03:35:03 PM https://bugs.jst/bugs/gethw/?id=11652
03/31/2018 03:35:04 PM https://bugs.jst/bugs/gethw/?id=665
03/31/2018 03:35:04 PM https://bugs.jst/bugs/gethw/?id=713
03/31/2018 03:35:04 PM https://bugs.jst/bugs/gethw/?id=9463
03/31/2018 03:35:04 PM https://bugs.jst/bugs/gethw/?id=583
03/31/2018 03:35:04 PM https://bugs.jst/bugs/gethw/?id=11843
03/31/2018 03:35:04 PM https://bugs.jst/bugs/gethw/?id=9722
03/31/2018 03:35:04 PM https://bugs.jst/bugs/gethw/?id=11652
03/31/2018 03:35:04 PM https://bugs.jst/bugs/gethw/?id=594
03/31/2018 03:35:04 PM https://bugs.jst/bugs/gethw/?id=11843
03/31/2018 03:35:04 PM https://bugs.jst/bugs/gethw/?id=610
03/31/2018 03:35:04 PM https://bugs.jst/bugs/gethw/?id=11318
03/31/2018 03:35:04 PM https://bugs.jst/bugs/gethw/?id=11725
03/31/2018 03:35:05 PM https://bugs.jst/bugs/gethw/?id=11652
03/31/2018 03:35:05 PM https://bugs.jst/bugs/gethw/?id=665
03/31/2018 03:35:05 PM https://bugs.jst/bugs/gethw/?id=713
03/31/2018 03:35:05 PM https://bugs.jst/bugs/gethw/?id=10896
03/31/2018 03:35:05 PM https://bugs.jst/bugs/gethw/?id=583
03/31/2018 03:35:05 PM https://bugs.jst/bugs/gethw/?id=11843
03/31/2018 03:35:05 PM https://bugs.jst/bugs/gethw/?id=11134
03/31/2018 03:35:05 PM https://bugs.jst/bugs/gethw/?id=11658
03/31/2018 03:35:05 PM https://bugs.jst/bugs/gethw/?id=11652
03/31/2018 03:35:05 PM https://bugs.jst/bugs/gethw/?id=594
03/31/2018 03:35:05 PM https://bugs.jst/bugs/gethw/?id=9463
03/31/2018 03:35:05 PM https://bugs.jst/bugs/gethw/?id=11843
03/31/2018 03:35:06 PM https://bugs.jst/bugs/gethw/?id=610
03/31/2018 03:35:06 PM https://bugs.jst/bugs/gethw/?id=11652
03/31/2018 03:35:06 PM https://bugs.jst/bugs/gethw/?id=665
03/31/2018 03:35:06 PM https://bugs.jst/bugs/gethw/?id=713
03/31/2018 03:35:06 PM https://bugs.jst/bugs/gethw/?id=11843
03/31/2018 03:35:06 PM https://bugs.jst/bugs/gethw/?id=583
03/31/2018 03:35:06 PM https://bugs.jst/bugs/gethw/?id=11134
03/31/2018 03:35:06 PM https://bugs.jst/bugs/gethw/?id=11652
03/31/2018 03:35:06 PM https://bugs.jst/bugs/gethw/?id=594
03/31/2018 03:35:06 PM https://bugs.jst/bugs/gethw/?id=11843
03/31/2018 03:35:06 PM https://bugs.jst/bugs/gethw/?id=610
03/31/2018 03:35:07 PM https://bugs.jst/bugs/gethw/?id=11652
03/31/2018 03:35:07 PM https://bugs.jst/bugs/gethw/?id=11134
03/31/2018 03:35:07 PM https://bugs.jst/bugs/gethw/?id=665
03/31/2018 03:35:07 PM https://bugs.jst/bugs/gethw/?id=713
03/31/2018 03:35:07 PM https://bugs.jst/bugs/gethw/?id=11843
03/31/2018 03:35:07 PM https://bugs.jst/bugs/gethw/?id=583
03/31/2018 03:35:07 PM https://bugs.jst/bugs/gethw/?id=11652
03/31/2018 03:35:07 PM https://bugs.jst/bugs/gethw/?id=594
03/31/2018 03:35:07 PM https://bugs.jst/bugs/gethw/?id=11843
03/31/2018 03:35:07 PM https://bugs.jst/bugs/gethw/?id=11652
03/31/2018 03:35:07 PM https://bugs.jst/bugs/gethw/?id=610
03/31/2018 03:35:08 PM https://bugs.jst/bugs/gethw/?id=9463
03/31/2018 03:35:08 PM https://bugs.jst/bugs/gethw/?id=665
03/31/2018 03:35:08 PM https://bugs.jst/bugs/gethw/?id=713
03/31/2018 03:35:08 PM https://bugs.jst/bugs/gethw/?id=11843
03/31/2018 03:35:08 PM https://bugs.jst/bugs/gethw/?id=583
03/31/2018 03:35:08 PM https://bugs.jst/bugs/gethw/?id=11652
03/31/2018 03:35:08 PM https://bugs.jst/bugs/gethw/?id=594
03/31/2018 03:35:08 PM https://bugs.jst/bugs/gethw/?id=11843
03/31/2018 03:35:08 PM https://bugs.jst/bugs/gethw/?id=11168
03/31/2018 03:35:08 PM https://bugs.jst/bugs/gethw/?id=11652
03/31/2018 03:35:08 PM https://bugs.jst/bugs/gethw/?id=610
03/31/2018 03:35:09 PM https://bugs.jst/bugs/gethw/?id=11843
03/31/2018 03:35:09 PM https://bugs.jst/bugs/gethw/?id=665
03/31/2018 03:35:09 PM https://bugs.jst/bugs/gethw/?id=713
03/31/2018 03:35:09 PM https://bugs.jst/bugs/gethw/?id=11652
03/31/2018 03:35:09 PM https://bugs.jst/bugs/gethw/?id=583
03/31/2018 03:35:09 PM https://bugs.jst/bugs/gethw/?id=11814
03/31/2018 03:35:09 PM https://bugs.jst/bugs/gethw/?id=9463
03/31/2018 03:35:09 PM https://bugs.jst/bugs/gethw/?id=594
03/31/2018 03:35:09 PM https://bugs.jst/bugs/gethw/?id=11843
03/31/2018 03:35:09 PM https://bugs.jst/bugs/gethw/?id=9463
03/31/2018 03:35:10 PM https://bugs.jst/bugs/gethw/?id=11652
03/31/2018 03:35:10 PM https://bugs.jst/bugs/gethw/?id=610
03/31/2018 03:35:10 PM https://bugs.jst/bugs/gethw/?id=9463
03/31/2018 03:35:10 PM https://bugs.jst/bugs/gethw/?id=11843
03/31/2018 03:35:10 PM https://bugs.jst/bugs/gethw/?id=665
03/31/2018 03:35:10 PM https://bugs.jst/bugs/gethw/?id=713
03/31/2018 03:35:10 PM https://bugs.jst/bugs/gethw/?id=11652
03/31/2018 03:35:10 PM https://bugs.jst/bugs/gethw/?id=583
03/31/2018 03:35:10 PM https://bugs.jst/bugs/gethw/?id=11843
03/31/2018 03:35:10 PM https://bugs.jst/bugs/gethw/?id=594
03/31/2018 03:35:10 PM https://bugs.jst/bugs/gethw/?id=11702
03/31/2018 03:35:11 PM https://bugs.jst/bugs/gethw/?id=11652
03/31/2018 03:35:11 PM https://bugs.jst/bugs/gethw/?id=10973
03/31/2018 03:35:11 PM https://bugs.jst/bugs/gethw/?id=610
03/31/2018 03:35:11 PM https://bugs.jst/bugs/gethw/?id=11843
03/31/2018 03:35:11 PM https://bugs.jst/bugs/gethw/?id=665
03/31/2018 03:35:11 PM https://bugs.jst/bugs/gethw/?id=11652
03/31/2018 03:35:11 PM https://bugs.jst/bugs/gethw/?id=713
03/31/2018 03:35:11 PM https://bugs.jst/bugs/gethw/?id=583
03/31/2018 03:35:11 PM https://bugs.jst/bugs/gethw/?id=11843
03/31/2018 03:35:11 PM https://bugs.jst/bugs/gethw/?id=9463
03/31/2018 03:35:11 PM https://bugs.jst/bugs/gethw/?id=11652
03/31/2018 03:35:12 PM https://bugs.jst/bugs/gethw/?id=10753
03/31/2018 03:35:12 PM https://bugs.jst/bugs/gethw/?id=9463
03/31/2018 03:35:12 PM https://bugs.jst/bugs/gethw/?id=610
03/31/2018 03:35:12 PM https://bugs.jst/bugs/gethw/?id=11843
03/31/2018 03:35:12 PM https://bugs.jst/bugs/gethw/?id=11652
03/31/2018 03:35:12 PM https://bugs.jst/bugs/gethw/?id=665
03/31/2018 03:35:12 PM https://bugs.jst/bugs/gethw/?id=713
03/31/2018 03:35:12 PM https://bugs.jst/bugs/gethw/?id=583
03/31/2018 03:35:12 PM https://bugs.jst/bugs/gethw/?id=11843
03/31/2018 03:35:12 PM https://bugs.jst/bugs/gethw/?id=11652
03/31/2018 03:35:13 PM https://bugs.jst/bugs/gethw/?id=594
03/31/2018 03:35:13 PM https://bugs.jst/bugs/gethw/?id=9463
03/31/2018 03:35:13 PM https://bugs.jst/bugs/gethw/?id=610
03/31/2018 03:35:13 PM https://bugs.jst/bugs/gethw/?id=11652
03/31/2018 03:35:13 PM https://bugs.jst/bugs/gethw/?id=11843
03/31/2018 03:35:13 PM https://bugs.jst/bugs/gethw/?id=665
03/31/2018 03:35:13 PM https://bugs.jst/bugs/gethw/?id=713
03/31/2018 03:35:13 PM https://bugs.jst/bugs/gethw/?id=11134
03/31/2018 03:35:13 PM https://bugs.jst/bugs/gethw/?id=9463
03/31/2018 03:35:13 PM https://bugs.jst/bugs/gethw/?id=583
03/31/2018 03:35:13 PM https://bugs.jst/bugs/gethw/?id=11652
03/31/2018 03:35:14 PM https://bugs.jst/bugs/gethw/?id=11843
03/31/2018 03:35:14 PM https://bugs.jst/bugs/gethw/?id=10607
03/31/2018 03:35:14 PM https://bugs.jst/bugs/gethw/?id=551
03/31/2018 03:35:14 PM https://bugs.jst/bugs/gethw/?id=594
03/31/2018 03:35:14 PM https://bugs.jst/bugs/gethw/?id=610
03/31/2018 03:35:14 PM https://bugs.jst/bugs/gethw/?id=11652
03/31/2018 03:35:14 PM https://bugs.jst/bugs/gethw/?id=11843
03/31/2018 03:35:14 PM https://bugs.jst/bugs/gethw/?id=665
03/31/2018 03:35:14 PM https://bugs.jst/bugs/gethw/?id=713
03/31/2018 03:35:14 PM https://bugs.jst/bugs/gethw/?id=11134
03/31/2018 03:35:14 PM https://bugs.jst/bugs/gethw/?id=583
03/31/2018 03:35:15 PM https://bugs.jst/bugs/gethw/?id=11652
03/31/2018 03:35:15 PM https://bugs.jst/bugs/gethw/?id=11843
03/31/2018 03:35:15 PM https://bugs.jst/bugs/gethw/?id=594
03/31/2018 03:35:15 PM https://bugs.jst/bugs/gethw/?id=11134
03/31/2018 03:35:15 PM https://bugs.jst/bugs/gethw/?id=11652
03/31/2018 03:35:15 PM https://bugs.jst/bugs/gethw/?id=11843
03/31/2018 03:35:15 PM https://bugs.jst/bugs/gethw/?id=610
03/31/2018 03:35:15 PM https://bugs.jst/bugs/gethw/?id=665
03/31/2018 03:35:15 PM https://bugs.jst/bugs/gethw/?id=713
03/31/2018 03:35:15 PM https://bugs.jst/bugs/gethw/?id=11652
03/31/2018 03:35:15 PM https://bugs.jst/bugs/gethw/?id=583
03/31/2018 03:35:16 PM https://bugs.jst/bugs/gethw/?id=11843
03/31/2018 03:35:16 PM https://bugs.jst/bugs/gethw/?id=11134
03/31/2018 03:35:16 PM https://bugs.jst/bugs/gethw/?id=594
03/31/2018 03:35:16 PM https://bugs.jst/bugs/gethw/?id=11652
03/31/2018 03:35:16 PM https://bugs.jst/bugs/gethw/?id=11843
03/31/2018 03:35:16 PM https://bugs.jst/bugs/gethw/?id=610
03/31/2018 03:35:16 PM https://bugs.jst/bugs/gethw/?id=665
03/31/2018 03:35:16 PM https://bugs.jst/bugs/gethw/?id=11652
03/31/2018 03:35:16 PM https://bugs.jst/bugs/gethw/?id=11843
03/31/2018 03:35:16 PM https://bugs.jst/bugs/gethw/?id=583
03/31/2018 03:35:16 PM https://bugs.jst/bugs/gethw/?id=594
03/31/2018 03:35:17 PM https://bugs.jst/bugs/gethw/?id=11652
03/31/2018 03:35:17 PM https://bugs.jst/bugs/gethw/?id=11843
03/31/2018 03:36:35 PM cant parse lise "
"
03/31/2018 03:36:35 PM https://bugs.jst/bugs/gethw/?id=11242
03/31/2018 03:36:35 PM https://bugs.jst/bugs/gethw/?id=594
03/31/2018 03:36:35 PM https://bugs.jst/bugs/gethw/?id=11652
03/31/2018 03:36:35 PM https://bugs.jst/bugs/gethw/?id=9675
03/31/2018 03:36:36 PM https://bugs.jst/bugs/gethw/?id=9675
03/31/2018 03:36:36 PM https://bugs.jst/bugs/gethw/?id=9675
03/31/2018 03:36:36 PM https://bugs.jst/bugs/gethw/?id=9675
03/31/2018 03:36:36 PM https://bugs.jst/bugs/gethw/?id=11843
03/31/2018 03:36:36 PM https://bugs.jst/bugs/gethw/?id=610
03/31/2018 03:36:36 PM https://bugs.jst/bugs/gethw/?id=11652
03/31/2018 03:36:36 PM https://bugs.jst/bugs/gethw/?id=665
03/31/2018 03:36:36 PM https://bugs.jst/bugs/gethw/?id=713
03/31/2018 03:36:36 PM https://bugs.jst/bugs/gethw/?id=11843
03/31/2018 03:36:36 PM https://bugs.jst/bugs/gethw/?id=583
03/31/2018 03:36:36 PM https://bugs.jst/bugs/gethw/?id=11652
03/31/2018 03:36:36 PM https://bugs.jst/bugs/gethw/?id=594
03/31/2018 03:36:37 PM https://bugs.jst/bugs/gethw/?id=11843
03/31/2018 03:36:37 PM https://bugs.jst/bugs/gethw/?id=2649
03/31/2018 03:36:37 PM https://bugs.jst/bugs/gethw/?id=610
03/31/2018 03:36:37 PM https://bugs.jst/bugs/gethw/?id=9986
03/31/2018 03:36:37 PM https://bugs.jst/bugs/gethw/?id=11652
03/31/2018 03:36:37 PM https://bugs.jst/bugs/gethw/?id=665
03/31/2018 03:36:37 PM https://bugs.jst/bugs/gethw/?id=713
03/31/2018 03:36:37 PM https://bugs.jst/bugs/gethw/?id=11843
03/31/2018 03:36:37 PM https://bugs.jst/bugs/gethw/?id=583
03/31/2018 03:36:37 PM https://bugs.jst/bugs/gethw/?id=11652
03/31/2018 03:36:37 PM https://bugs.jst/bugs/gethw/?id=2649
03/31/2018 03:36:37 PM https://bugs.jst/bugs/gethw/?id=594
03/31/2018 03:36:38 PM https://bugs.jst/bugs/gethw/?id=9986
03/31/2018 03:36:38 PM https://bugs.jst/bugs/gethw/?id=11843
03/31/2018 03:36:38 PM https://bugs.jst/bugs/gethw/?id=610
03/31/2018 03:36:38 PM https://bugs.jst/bugs/gethw/?id=11652
03/31/2018 03:36:38 PM https://bugs.jst/bugs/gethw/?id=665
03/31/2018 03:36:38 PM https://bugs.jst/bugs/gethw/?id=713
03/31/2018 03:36:38 PM https://bugs.jst/bugs/gethw/?id=11843
03/31/2018 03:36:38 PM https://bugs.jst/bugs/gethw/?id=2649
03/31/2018 03:36:38 PM https://bugs.jst/bugs/gethw/?id=583
03/31/2018 03:36:38 PM https://bugs.jst/bugs/gethw/?id=11652
03/31/2018 03:36:38 PM https://bugs.jst/bugs/gethw/?id=594
03/31/2018 03:36:39 PM https://bugs.jst/bugs/gethw/?id=11843
03/31/2018 03:36:39 PM https://bugs.jst/bugs/gethw/?id=11657
03/31/2018 03:36:39 PM https://bugs.jst/bugs/gethw/?id=610
03/31/2018 03:36:39 PM https://bugs.jst/bugs/gethw/?id=11652
03/31/2018 03:36:39 PM https://bugs.jst/bugs/gethw/?id=665
03/31/2018 03:36:39 PM https://bugs.jst/bugs/gethw/?id=11843
03/31/2018 03:36:39 PM https://bugs.jst/bugs/gethw/?id=713
03/31/2018 03:36:39 PM https://bugs.jst/bugs/gethw/?id=583
03/31/2018 03:36:39 PM https://bugs.jst/bugs/gethw/?id=11652
03/31/2018 03:36:39 PM https://bugs.jst/bugs/gethw/?id=11843
03/31/2018 03:36:40 PM https://bugs.jst/bugs/gethw/?id=594
03/31/2018 03:36:40 PM https://bugs.jst/bugs/gethw/?id=11652
03/31/2018 03:36:40 PM https://bugs.jst/bugs/gethw/?id=610
03/31/2018 03:36:40 PM https://bugs.jst/bugs/gethw/?ip=172.28.50.33
03/31/2018 03:36:40 PM https://bugs.jst/bugs/gethw/?id=11843
03/31/2018 03:36:40 PM https://bugs.jst/bugs/gethw/?id=665
03/31/2018 03:36:40 PM https://bugs.jst/bugs/gethw/?id=713
03/31/2018 03:36:40 PM https://bugs.jst/bugs/gethw/?id=11652
03/31/2018 03:36:40 PM https://bugs.jst/bugs/gethw/?id=583
03/31/2018 03:36:40 PM https://bugs.jst/bugs/gethw/?id=11843
03/31/2018 03:36:40 PM https://bugs.jst/bugs/gethw/?id=594
03/31/2018 03:36:41 PM https://bugs.jst/bugs/gethw/?id=11562
03/31/2018 03:36:41 PM https://bugs.jst/bugs/gethw/?id=11652
03/31/2018 03:36:41 PM https://bugs.jst/bugs/gethw/?id=610
03/31/2018 03:36:41 PM https://bugs.jst/bugs/gethw/?id=11620
03/31/2018 03:36:41 PM https://bugs.jst/bugs/gethw/?id=11843
03/31/2018 03:36:41 PM https://bugs.jst/bugs/gethw/?id=665
03/31/2018 03:36:41 PM https://bugs.jst/bugs/gethw/?id=11318
03/31/2018 03:36:41 PM https://bugs.jst/bugs/gethw/?id=713
03/31/2018 03:36:41 PM https://bugs.jst/bugs/gethw/?id=9555
03/31/2018 03:36:41 PM https://bugs.jst/bugs/gethw/?id=11652
03/31/2018 03:36:41 PM https://bugs.jst/bugs/gethw/?id=583
03/31/2018 03:36:42 PM https://bugs.jst/bugs/gethw/?id=2649
03/31/2018 03:36:42 PM https://bugs.jst/bugs/gethw/?ip=172.28.50.33
03/31/2018 03:36:42 PM https://bugs.jst/bugs/gethw/?id=11843
03/31/2018 03:36:42 PM https://bugs.jst/bugs/gethw/?id=594
03/31/2018 03:36:42 PM https://bugs.jst/bugs/gethw/?id=11652
03/31/2018 03:36:42 PM https://bugs.jst/bugs/gethw/?id=9463
03/31/2018 03:36:42 PM https://bugs.jst/bugs/gethw/?id=11134
03/31/2018 03:36:42 PM https://bugs.jst/bugs/gethw/?id=610
03/31/2018 03:36:42 PM https://bugs.jst/bugs/gethw/?id=11843
03/31/2018 03:36:42 PM https://bugs.jst/bugs/gethw/?id=9463
03/31/2018 03:36:42 PM https://bugs.jst/bugs/gethw/?id=665
03/31/2018 03:36:43 PM https://bugs.jst/bugs/gethw/?id=713
03/31/2018 03:36:43 PM https://bugs.jst/bugs/gethw/?id=11652
03/31/2018 03:36:43 PM https://bugs.jst/bugs/gethw/?id=11134
03/31/2018 03:36:56 PM cant parse lise "
"
03/31/2018 03:36:56 PM https://bugs.jst/bugs/gethw/?id=11242
03/31/2018 03:36:56 PM https://bugs.jst/bugs/gethw/?id=594
03/31/2018 03:36:56 PM https://bugs.jst/bugs/gethw/?id=11652
03/31/2018 03:36:56 PM https://bugs.jst/bugs/gethw/?id=9675
03/31/2018 03:36:56 PM https://bugs.jst/bugs/gethw/?id=9675
03/31/2018 03:36:56 PM https://bugs.jst/bugs/gethw/?id=9675
03/31/2018 03:36:56 PM https://bugs.jst/bugs/gethw/?id=9675
03/31/2018 03:36:56 PM https://bugs.jst/bugs/gethw/?id=11843
03/31/2018 03:36:56 PM https://bugs.jst/bugs/gethw/?id=610
03/31/2018 03:36:57 PM https://bugs.jst/bugs/gethw/?id=11652
03/31/2018 03:36:57 PM https://bugs.jst/bugs/gethw/?id=665
03/31/2018 03:36:57 PM https://bugs.jst/bugs/gethw/?id=713
03/31/2018 03:36:57 PM https://bugs.jst/bugs/gethw/?id=11843
03/31/2018 03:36:57 PM https://bugs.jst/bugs/gethw/?id=583
03/31/2018 03:36:57 PM https://bugs.jst/bugs/gethw/?id=11652
03/31/2018 03:36:57 PM https://bugs.jst/bugs/gethw/?id=594
03/31/2018 03:36:57 PM https://bugs.jst/bugs/gethw/?id=11843
03/31/2018 03:36:57 PM https://bugs.jst/bugs/gethw/?id=2649
03/31/2018 03:36:57 PM https://bugs.jst/bugs/gethw/?id=610
03/31/2018 03:36:57 PM https://bugs.jst/bugs/gethw/?id=9986
03/31/2018 03:36:57 PM https://bugs.jst/bugs/gethw/?id=11652
03/31/2018 03:36:58 PM https://bugs.jst/bugs/gethw/?id=665
03/31/2018 03:36:58 PM https://bugs.jst/bugs/gethw/?id=713
03/31/2018 03:36:58 PM https://bugs.jst/bugs/gethw/?id=11843
03/31/2018 03:36:58 PM https://bugs.jst/bugs/gethw/?id=583
03/31/2018 03:36:58 PM https://bugs.jst/bugs/gethw/?id=11652
03/31/2018 03:36:58 PM https://bugs.jst/bugs/gethw/?id=2649
03/31/2018 03:36:58 PM https://bugs.jst/bugs/gethw/?id=594
03/31/2018 03:36:58 PM https://bugs.jst/bugs/gethw/?id=9986
03/31/2018 03:36:58 PM https://bugs.jst/bugs/gethw/?id=11843
03/31/2018 03:36:58 PM https://bugs.jst/bugs/gethw/?id=610
03/31/2018 03:36:58 PM https://bugs.jst/bugs/gethw/?id=11652
03/31/2018 03:36:59 PM https://bugs.jst/bugs/gethw/?id=665
03/31/2018 03:36:59 PM https://bugs.jst/bugs/gethw/?id=713
03/31/2018 03:36:59 PM https://bugs.jst/bugs/gethw/?id=11843
03/31/2018 03:36:59 PM https://bugs.jst/bugs/gethw/?id=2649
03/31/2018 03:36:59 PM https://bugs.jst/bugs/gethw/?id=583
03/31/2018 03:36:59 PM https://bugs.jst/bugs/gethw/?id=11652
03/31/2018 03:36:59 PM https://bugs.jst/bugs/gethw/?id=594
03/31/2018 03:36:59 PM https://bugs.jst/bugs/gethw/?id=11843
03/31/2018 03:36:59 PM https://bugs.jst/bugs/gethw/?id=11657
03/31/2018 03:36:59 PM https://bugs.jst/bugs/gethw/?id=610
03/31/2018 03:36:59 PM https://bugs.jst/bugs/gethw/?id=11652
03/31/2018 03:37:00 PM https://bugs.jst/bugs/gethw/?id=665
03/31/2018 03:37:00 PM https://bugs.jst/bugs/gethw/?id=11843
03/31/2018 03:37:00 PM https://bugs.jst/bugs/gethw/?id=713
03/31/2018 03:37:00 PM https://bugs.jst/bugs/gethw/?id=583
03/31/2018 03:37:00 PM https://bugs.jst/bugs/gethw/?id=11652
03/31/2018 03:37:00 PM https://bugs.jst/bugs/gethw/?id=11843
03/31/2018 03:37:00 PM https://bugs.jst/bugs/gethw/?id=594
03/31/2018 03:37:00 PM https://bugs.jst/bugs/gethw/?id=11652
03/31/2018 03:37:00 PM https://bugs.jst/bugs/gethw/?id=610
03/31/2018 03:37:00 PM https://bugs.jst/bugs/gethw/?ip=172.28.50.33
03/31/2018 03:37:00 PM https://bugs.jst/bugs/gethw/?id=11843
03/31/2018 03:37:01 PM https://bugs.jst/bugs/gethw/?id=665
03/31/2018 03:37:01 PM https://bugs.jst/bugs/gethw/?id=713
03/31/2018 03:37:01 PM https://bugs.jst/bugs/gethw/?id=11652
03/31/2018 03:37:01 PM https://bugs.jst/bugs/gethw/?id=583
03/31/2018 03:37:01 PM https://bugs.jst/bugs/gethw/?id=11843
03/31/2018 03:37:01 PM https://bugs.jst/bugs/gethw/?id=594
03/31/2018 03:37:01 PM https://bugs.jst/bugs/gethw/?id=11562
03/31/2018 03:37:01 PM https://bugs.jst/bugs/gethw/?id=11652
03/31/2018 03:37:01 PM https://bugs.jst/bugs/gethw/?id=610
03/31/2018 03:37:01 PM https://bugs.jst/bugs/gethw/?id=11620
03/31/2018 03:37:01 PM https://bugs.jst/bugs/gethw/?id=11843
03/31/2018 03:37:02 PM https://bugs.jst/bugs/gethw/?id=665
03/31/2018 03:37:02 PM https://bugs.jst/bugs/gethw/?id=11318
03/31/2018 03:37:02 PM https://bugs.jst/bugs/gethw/?id=713
03/31/2018 03:37:02 PM https://bugs.jst/bugs/gethw/?id=9555
03/31/2018 03:37:02 PM https://bugs.jst/bugs/gethw/?id=11652
03/31/2018 03:37:02 PM https://bugs.jst/bugs/gethw/?id=583
03/31/2018 03:37:02 PM https://bugs.jst/bugs/gethw/?id=2649
03/31/2018 03:37:02 PM https://bugs.jst/bugs/gethw/?ip=172.28.50.33
03/31/2018 03:37:02 PM https://bugs.jst/bugs/gethw/?id=11843
03/31/2018 03:37:02 PM https://bugs.jst/bugs/gethw/?id=594
03/31/2018 03:37:03 PM https://bugs.jst/bugs/gethw/?id=11652
03/31/2018 03:37:03 PM https://bugs.jst/bugs/gethw/?id=9463
03/31/2018 03:37:03 PM https://bugs.jst/bugs/gethw/?id=11134
03/31/2018 03:37:03 PM https://bugs.jst/bugs/gethw/?id=610
03/31/2018 03:37:03 PM https://bugs.jst/bugs/gethw/?id=11843
03/31/2018 03:37:03 PM https://bugs.jst/bugs/gethw/?id=9463
03/31/2018 03:37:03 PM https://bugs.jst/bugs/gethw/?id=665
03/31/2018 03:37:03 PM https://bugs.jst/bugs/gethw/?id=713
03/31/2018 03:37:03 PM https://bugs.jst/bugs/gethw/?id=11652
03/31/2018 03:37:03 PM https://bugs.jst/bugs/gethw/?id=11134
03/31/2018 03:37:03 PM https://bugs.jst/bugs/gethw/?id=2649
03/31/2018 03:37:04 PM https://bugs.jst/bugs/gethw/?id=11657
03/31/2018 03:37:04 PM https://bugs.jst/bugs/gethw/?id=583
03/31/2018 03:37:04 PM https://bugs.jst/bugs/gethw/?id=11843
03/31/2018 03:37:04 PM https://bugs.jst/bugs/gethw/?id=9463
03/31/2018 03:37:04 PM https://bugs.jst/bugs/gethw/?id=9583
03/31/2018 03:37:04 PM https://bugs.jst/bugs/gethw/?id=594
03/31/2018 03:37:04 PM https://bugs.jst/bugs/gethw/?id=11652
03/31/2018 03:37:04 PM https://bugs.jst/bugs/gethw/?id=610
03/31/2018 03:37:04 PM https://bugs.jst/bugs/gethw/?id=11843
03/31/2018 03:37:04 PM https://bugs.jst/bugs/gethw/?id=11134
03/31/2018 03:37:04 PM https://bugs.jst/bugs/gethw/?id=10973
03/31/2018 03:37:05 PM https://bugs.jst/bugs/gethw/?id=11652
03/31/2018 03:37:05 PM https://bugs.jst/bugs/gethw/?id=665
03/31/2018 03:37:05 PM https://bugs.jst/bugs/gethw/?id=713
03/31/2018 03:37:05 PM https://bugs.jst/bugs/gethw/?id=9463
03/31/2018 03:37:05 PM https://bugs.jst/bugs/gethw/?id=583
03/31/2018 03:37:05 PM https://bugs.jst/bugs/gethw/?id=11843
03/31/2018 03:37:05 PM https://bugs.jst/bugs/gethw/?id=9722
03/31/2018 03:37:05 PM https://bugs.jst/bugs/gethw/?id=11652
03/31/2018 03:37:05 PM https://bugs.jst/bugs/gethw/?id=594
03/31/2018 03:37:05 PM https://bugs.jst/bugs/gethw/?id=11843
03/31/2018 03:37:05 PM https://bugs.jst/bugs/gethw/?id=610
03/31/2018 03:37:06 PM https://bugs.jst/bugs/gethw/?id=11318
03/31/2018 03:37:06 PM https://bugs.jst/bugs/gethw/?id=11725
03/31/2018 03:37:06 PM https://bugs.jst/bugs/gethw/?id=11652
03/31/2018 03:37:06 PM https://bugs.jst/bugs/gethw/?id=665
03/31/2018 03:37:06 PM https://bugs.jst/bugs/gethw/?id=713
03/31/2018 03:37:06 PM https://bugs.jst/bugs/gethw/?id=10896
03/31/2018 03:37:06 PM https://bugs.jst/bugs/gethw/?id=583
03/31/2018 03:37:06 PM https://bugs.jst/bugs/gethw/?id=11843
03/31/2018 03:37:06 PM https://bugs.jst/bugs/gethw/?id=11134
03/31/2018 03:37:07 PM https://bugs.jst/bugs/gethw/?id=11658
03/31/2018 03:37:07 PM https://bugs.jst/bugs/gethw/?id=11652
03/31/2018 03:37:07 PM https://bugs.jst/bugs/gethw/?id=594
03/31/2018 03:37:07 PM https://bugs.jst/bugs/gethw/?id=9463
03/31/2018 03:37:07 PM https://bugs.jst/bugs/gethw/?id=11843
03/31/2018 03:37:07 PM https://bugs.jst/bugs/gethw/?id=610
03/31/2018 03:37:07 PM https://bugs.jst/bugs/gethw/?id=11652
03/31/2018 03:37:07 PM https://bugs.jst/bugs/gethw/?id=665
03/31/2018 03:37:07 PM https://bugs.jst/bugs/gethw/?id=713
03/31/2018 03:37:07 PM https://bugs.jst/bugs/gethw/?id=11843
03/31/2018 03:37:07 PM https://bugs.jst/bugs/gethw/?id=583
03/31/2018 03:37:07 PM https://bugs.jst/bugs/gethw/?id=11134
03/31/2018 03:37:08 PM https://bugs.jst/bugs/gethw/?id=11652
03/31/2018 03:37:08 PM https://bugs.jst/bugs/gethw/?id=594
03/31/2018 03:37:08 PM https://bugs.jst/bugs/gethw/?id=11843
03/31/2018 03:37:08 PM https://bugs.jst/bugs/gethw/?id=610
03/31/2018 03:37:08 PM https://bugs.jst/bugs/gethw/?id=11652
03/31/2018 03:37:08 PM https://bugs.jst/bugs/gethw/?id=11134
03/31/2018 03:37:08 PM https://bugs.jst/bugs/gethw/?id=665
03/31/2018 03:37:08 PM https://bugs.jst/bugs/gethw/?id=713
03/31/2018 03:37:08 PM https://bugs.jst/bugs/gethw/?id=11843
03/31/2018 03:37:08 PM https://bugs.jst/bugs/gethw/?id=583
03/31/2018 03:37:09 PM https://bugs.jst/bugs/gethw/?id=11652
03/31/2018 03:37:09 PM https://bugs.jst/bugs/gethw/?id=594
03/31/2018 03:37:09 PM https://bugs.jst/bugs/gethw/?id=11843
03/31/2018 03:37:09 PM https://bugs.jst/bugs/gethw/?id=11652
03/31/2018 03:37:09 PM https://bugs.jst/bugs/gethw/?id=610
03/31/2018 03:37:09 PM https://bugs.jst/bugs/gethw/?id=9463
03/31/2018 03:37:09 PM https://bugs.jst/bugs/gethw/?id=665
03/31/2018 03:37:09 PM https://bugs.jst/bugs/gethw/?id=713
03/31/2018 03:37:09 PM https://bugs.jst/bugs/gethw/?id=11843
03/31/2018 03:37:09 PM https://bugs.jst/bugs/gethw/?id=583
03/31/2018 03:37:09 PM https://bugs.jst/bugs/gethw/?id=11652
03/31/2018 03:37:09 PM https://bugs.jst/bugs/gethw/?id=594
03/31/2018 03:37:10 PM https://bugs.jst/bugs/gethw/?id=11843
03/31/2018 03:37:10 PM https://bugs.jst/bugs/gethw/?id=11168
03/31/2018 03:37:10 PM https://bugs.jst/bugs/gethw/?id=11652
03/31/2018 03:37:10 PM https://bugs.jst/bugs/gethw/?id=610
03/31/2018 03:37:10 PM https://bugs.jst/bugs/gethw/?id=11843
03/31/2018 03:37:10 PM https://bugs.jst/bugs/gethw/?id=665
03/31/2018 03:37:10 PM https://bugs.jst/bugs/gethw/?id=713
03/31/2018 03:37:10 PM https://bugs.jst/bugs/gethw/?id=11652
03/31/2018 03:37:10 PM https://bugs.jst/bugs/gethw/?id=583
03/31/2018 03:37:10 PM https://bugs.jst/bugs/gethw/?id=11814
03/31/2018 03:37:11 PM https://bugs.jst/bugs/gethw/?id=9463
03/31/2018 03:37:11 PM https://bugs.jst/bugs/gethw/?id=594
03/31/2018 03:37:11 PM https://bugs.jst/bugs/gethw/?id=11843
03/31/2018 03:37:11 PM https://bugs.jst/bugs/gethw/?id=9463
03/31/2018 03:37:11 PM https://bugs.jst/bugs/gethw/?id=11652
03/31/2018 03:37:11 PM https://bugs.jst/bugs/gethw/?id=610
03/31/2018 03:37:11 PM https://bugs.jst/bugs/gethw/?id=9463
03/31/2018 03:37:11 PM https://bugs.jst/bugs/gethw/?id=11843
03/31/2018 03:37:11 PM https://bugs.jst/bugs/gethw/?id=665
03/31/2018 03:37:11 PM https://bugs.jst/bugs/gethw/?id=713
03/31/2018 03:37:11 PM https://bugs.jst/bugs/gethw/?id=11652
03/31/2018 03:37:12 PM https://bugs.jst/bugs/gethw/?id=583
03/31/2018 03:37:12 PM https://bugs.jst/bugs/gethw/?id=11843
03/31/2018 03:37:12 PM https://bugs.jst/bugs/gethw/?id=594
03/31/2018 03:37:12 PM https://bugs.jst/bugs/gethw/?id=11702
03/31/2018 03:37:12 PM https://bugs.jst/bugs/gethw/?id=11652
03/31/2018 03:37:12 PM https://bugs.jst/bugs/gethw/?id=10973
03/31/2018 03:37:12 PM https://bugs.jst/bugs/gethw/?id=610
03/31/2018 03:37:12 PM https://bugs.jst/bugs/gethw/?id=11843
03/31/2018 03:37:12 PM https://bugs.jst/bugs/gethw/?id=665
03/31/2018 03:37:12 PM https://bugs.jst/bugs/gethw/?id=11652
03/31/2018 03:37:12 PM https://bugs.jst/bugs/gethw/?id=713
03/31/2018 03:37:13 PM https://bugs.jst/bugs/gethw/?id=583
03/31/2018 03:37:13 PM https://bugs.jst/bugs/gethw/?id=11843
03/31/2018 03:37:13 PM https://bugs.jst/bugs/gethw/?id=9463
03/31/2018 03:37:13 PM https://bugs.jst/bugs/gethw/?id=11652
03/31/2018 03:37:13 PM https://bugs.jst/bugs/gethw/?id=10753
03/31/2018 03:37:13 PM https://bugs.jst/bugs/gethw/?id=9463
03/31/2018 03:37:13 PM https://bugs.jst/bugs/gethw/?id=610
03/31/2018 03:37:13 PM https://bugs.jst/bugs/gethw/?id=11843
03/31/2018 03:37:13 PM https://bugs.jst/bugs/gethw/?id=11652
03/31/2018 03:37:13 PM https://bugs.jst/bugs/gethw/?id=665
03/31/2018 03:37:13 PM https://bugs.jst/bugs/gethw/?id=713
03/31/2018 03:37:14 PM https://bugs.jst/bugs/gethw/?id=583
03/31/2018 03:37:14 PM https://bugs.jst/bugs/gethw/?id=11843
03/31/2018 03:37:14 PM https://bugs.jst/bugs/gethw/?id=11652
03/31/2018 03:37:14 PM https://bugs.jst/bugs/gethw/?id=594
03/31/2018 03:37:14 PM https://bugs.jst/bugs/gethw/?id=9463
03/31/2018 03:37:14 PM https://bugs.jst/bugs/gethw/?id=610
03/31/2018 03:37:14 PM https://bugs.jst/bugs/gethw/?id=11652
03/31/2018 03:37:14 PM https://bugs.jst/bugs/gethw/?id=11843
03/31/2018 03:37:14 PM https://bugs.jst/bugs/gethw/?id=665
03/31/2018 03:37:14 PM https://bugs.jst/bugs/gethw/?id=713
03/31/2018 03:37:14 PM https://bugs.jst/bugs/gethw/?id=11134
03/31/2018 03:37:15 PM https://bugs.jst/bugs/gethw/?id=9463
03/31/2018 03:37:15 PM https://bugs.jst/bugs/gethw/?id=583
03/31/2018 03:37:15 PM https://bugs.jst/bugs/gethw/?id=11652
03/31/2018 03:37:15 PM https://bugs.jst/bugs/gethw/?id=11843
03/31/2018 03:37:15 PM https://bugs.jst/bugs/gethw/?id=10607
03/31/2018 03:37:15 PM https://bugs.jst/bugs/gethw/?id=551
03/31/2018 03:37:15 PM https://bugs.jst/bugs/gethw/?id=594
03/31/2018 03:37:15 PM https://bugs.jst/bugs/gethw/?id=610
03/31/2018 03:37:15 PM https://bugs.jst/bugs/gethw/?id=11652
03/31/2018 03:37:15 PM https://bugs.jst/bugs/gethw/?id=11843
03/31/2018 03:37:16 PM https://bugs.jst/bugs/gethw/?id=665
03/31/2018 03:37:16 PM https://bugs.jst/bugs/gethw/?id=713
03/31/2018 03:37:16 PM https://bugs.jst/bugs/gethw/?id=11134
03/31/2018 03:37:16 PM https://bugs.jst/bugs/gethw/?id=583
03/31/2018 03:37:16 PM https://bugs.jst/bugs/gethw/?id=11652
03/31/2018 03:37:16 PM https://bugs.jst/bugs/gethw/?id=11843
03/31/2018 03:37:16 PM https://bugs.jst/bugs/gethw/?id=594
03/31/2018 03:37:16 PM https://bugs.jst/bugs/gethw/?id=11134
03/31/2018 03:37:16 PM https://bugs.jst/bugs/gethw/?id=11652
03/31/2018 03:37:16 PM https://bugs.jst/bugs/gethw/?id=11843
03/31/2018 03:37:17 PM https://bugs.jst/bugs/gethw/?id=610
03/31/2018 03:37:17 PM https://bugs.jst/bugs/gethw/?id=665
03/31/2018 03:37:17 PM https://bugs.jst/bugs/gethw/?id=713
03/31/2018 03:37:17 PM https://bugs.jst/bugs/gethw/?id=11652
03/31/2018 03:37:17 PM https://bugs.jst/bugs/gethw/?id=583
03/31/2018 03:37:17 PM https://bugs.jst/bugs/gethw/?id=11843
03/31/2018 03:37:17 PM https://bugs.jst/bugs/gethw/?id=11134
03/31/2018 03:37:17 PM https://bugs.jst/bugs/gethw/?id=594
03/31/2018 03:37:17 PM https://bugs.jst/bugs/gethw/?id=11652
03/31/2018 03:37:17 PM https://bugs.jst/bugs/gethw/?id=11843
03/31/2018 03:37:17 PM https://bugs.jst/bugs/gethw/?id=610
03/31/2018 03:37:18 PM https://bugs.jst/bugs/gethw/?id=665
03/31/2018 03:37:18 PM https://bugs.jst/bugs/gethw/?id=11652
03/31/2018 03:37:18 PM https://bugs.jst/bugs/gethw/?id=11843
03/31/2018 03:37:18 PM https://bugs.jst/bugs/gethw/?id=583
03/31/2018 03:37:18 PM https://bugs.jst/bugs/gethw/?id=594
03/31/2018 03:37:18 PM https://bugs.jst/bugs/gethw/?id=11652
03/31/2018 03:37:18 PM https://bugs.jst/bugs/gethw/?id=11843
03/31/2018 03:37:18 PM https://bugs.jst/bugs/gethw/?id=11134
03/31/2018 03:37:18 PM https://bugs.jst/bugs/gethw/?id=610
03/31/2018 03:37:18 PM https://bugs.jst/bugs/gethw/?id=665
03/31/2018 03:37:18 PM https://bugs.jst/bugs/gethw/?id=11652
03/31/2018 03:37:19 PM https://bugs.jst/bugs/gethw/?id=12258
03/31/2018 03:37:19 PM https://bugs.jst/bugs/gethw/?id=11356
03/31/2018 03:37:19 PM https://bugs.jst/bugs/gethw/?id=11843
03/31/2018 03:37:19 PM https://bugs.jst/bugs/gethw/?id=11672
03/31/2018 03:37:19 PM https://bugs.jst/bugs/gethw/?id=583
03/31/2018 03:37:19 PM https://bugs.jst/bugs/gethw/?id=11134
03/31/2018 03:37:19 PM https://bugs.jst/bugs/gethw/?id=594
03/31/2018 03:37:19 PM https://bugs.jst/bugs/gethw/?id=11652
03/31/2018 03:37:19 PM https://bugs.jst/bugs/gethw/?id=11843
03/31/2018 03:37:19 PM https://bugs.jst/bugs/gethw/?id=10973
03/31/2018 03:37:20 PM https://bugs.jst/bugs/gethw/?id=610
03/31/2018 03:37:20 PM https://bugs.jst/bugs/gethw/?id=11652
03/31/2018 03:37:20 PM https://bugs.jst/bugs/gethw/?id=713
03/31/2018 03:37:20 PM https://bugs.jst/bugs/gethw/?id=9983
03/31/2018 03:37:20 PM https://bugs.jst/bugs/gethw/?id=11843
03/31/2018 03:37:20 PM https://bugs.jst/bugs/gethw/?id=10607
03/31/2018 03:37:20 PM https://bugs.jst/bugs/gethw/?id=583
03/31/2018 03:37:20 PM https://bugs.jst/bugs/gethw/?id=9479
03/31/2018 03:37:20 PM https://bugs.jst/bugs/gethw/?id=11652
03/31/2018 03:37:20 PM https://bugs.jst/bugs/gethw/?id=594
03/31/2018 03:37:20 PM https://bugs.jst/bugs/gethw/?id=12452
03/31/2018 03:37:21 PM https://bugs.jst/bugs/gethw/?id=11843
03/31/2018 03:37:21 PM https://bugs.jst/bugs/gethw/?id=9953
03/31/2018 03:37:21 PM https://bugs.jst/bugs/gethw/?id=610
03/31/2018 03:37:21 PM https://bugs.jst/bugs/gethw/?id=10715
03/31/2018 03:37:21 PM https://bugs.jst/bugs/gethw/?id=11652
03/31/2018 03:37:21 PM https://bugs.jst/bugs/gethw/?id=665
03/31/2018 03:37:21 PM https://bugs.jst/bugs/gethw/?id=713
03/31/2018 03:37:21 PM https://bugs.jst/bugs/gethw/?id=11843
03/31/2018 03:37:21 PM https://bugs.jst/bugs/gethw/?id=12452
03/31/2018 03:37:21 PM https://bugs.jst/bugs/gethw/?id=583
03/31/2018 03:37:21 PM https://bugs.jst/bugs/gethw/?id=11652
03/31/2018 03:37:22 PM https://bugs.jst/bugs/gethw/?id=11843
03/31/2018 03:37:22 PM https://bugs.jst/bugs/gethw/?id=594
03/31/2018 03:37:22 PM https://bugs.jst/bugs/gethw/?id=9953
03/31/2018 03:37:22 PM https://bugs.jst/bugs/gethw/?id=610
03/31/2018 03:37:22 PM https://bugs.jst/bugs/gethw/?id=11652
03/31/2018 03:37:22 PM https://bugs.jst/bugs/gethw/?id=11843
03/31/2018 03:37:22 PM https://bugs.jst/bugs/gethw/?id=665
03/31/2018 03:37:22 PM https://bugs.jst/bugs/gethw/?id=9479
03/31/2018 03:37:22 PM https://bugs.jst/bugs/gethw/?id=713
03/31/2018 03:37:22 PM https://bugs.jst/bugs/gethw/?id=10681
03/31/2018 03:37:23 PM https://bugs.jst/bugs/gethw/?id=11693
03/31/2018 03:37:23 PM https://bugs.jst/bugs/gethw/?id=583
03/31/2018 03:37:23 PM https://bugs.jst/bugs/gethw/?id=10849
03/31/2018 03:37:23 PM https://bugs.jst/bugs/gethw/?id=11652
03/31/2018 03:37:23 PM https://bugs.jst/bugs/gethw/?id=11843
03/31/2018 03:37:23 PM https://bugs.jst/bugs/gethw/?id=594
03/31/2018 03:37:23 PM https://bugs.jst/bugs/gethw/?id=9983
03/31/2018 03:37:23 PM https://bugs.jst/bugs/gethw/?id=610
03/31/2018 03:37:23 PM https://bugs.jst/bugs/gethw/?id=11652
03/31/2018 03:37:23 PM https://bugs.jst/bugs/gethw/?id=10681
03/31/2018 03:37:23 PM https://bugs.jst/bugs/gethw/?id=11843
03/31/2018 03:37:24 PM https://bugs.jst/bugs/gethw/?id=665
03/31/2018 03:37:24 PM https://bugs.jst/bugs/gethw/?id=713
03/31/2018 03:37:24 PM https://bugs.jst/bugs/gethw/?id=583
03/31/2018 03:37:24 PM https://bugs.jst/bugs/gethw/?id=11652
03/31/2018 03:37:24 PM https://bugs.jst/bugs/gethw/?id=9463
03/31/2018 03:37:24 PM https://bugs.jst/bugs/gethw/?id=11843
03/31/2018 03:37:24 PM https://bugs.jst/bugs/gethw/?id=594
03/31/2018 03:37:24 PM https://bugs.jst/bugs/gethw/?id=610
03/31/2018 03:37:24 PM https://bugs.jst/bugs/gethw/?id=11652
03/31/2018 03:37:24 PM https://bugs.jst/bugs/gethw/?id=11843
03/31/2018 03:37:24 PM https://bugs.jst/bugs/gethw/?id=665
03/31/2018 03:37:25 PM https://bugs.jst/bugs/gethw/?id=713
03/31/2018 03:37:25 PM https://bugs.jst/bugs/gethw/?id=583
03/31/2018 03:37:25 PM https://bugs.jst/bugs/gethw/?id=11652
03/31/2018 03:37:25 PM https://bugs.jst/bugs/gethw/?id=9463
03/31/2018 03:37:25 PM https://bugs.jst/bugs/gethw/?id=11843
03/31/2018 03:37:25 PM https://bugs.jst/bugs/gethw/?id=11134
03/31/2018 03:37:25 PM https://bugs.jst/bugs/gethw/?id=594
03/31/2018 03:37:25 PM https://bugs.jst/bugs/gethw/?id=551
03/31/2018 03:37:25 PM https://bugs.jst/bugs/gethw/?id=11652
03/31/2018 03:37:25 PM https://bugs.jst/bugs/gethw/?id=610
03/31/2018 03:37:25 PM https://bugs.jst/bugs/gethw/?id=11843
03/31/2018 03:37:26 PM https://bugs.jst/bugs/gethw/?id=665
03/31/2018 03:37:26 PM https://bugs.jst/bugs/gethw/?id=9463
03/31/2018 03:37:26 PM https://bugs.jst/bugs/gethw/?id=713
03/31/2018 03:37:26 PM https://bugs.jst/bugs/gethw/?id=583
03/31/2018 03:37:26 PM https://bugs.jst/bugs/gethw/?id=11652
03/31/2018 03:37:26 PM https://bugs.jst/bugs/gethw/?id=11134
03/31/2018 03:37:26 PM https://bugs.jst/bugs/gethw/?id=11843
03/31/2018 03:37:26 PM https://bugs.jst/bugs/gethw/?id=9463
03/31/2018 03:37:26 PM https://bugs.jst/bugs/gethw/?id=594
03/31/2018 03:37:26 PM https://bugs.jst/bugs/gethw/?id=11652
03/31/2018 03:37:26 PM https://bugs.jst/bugs/gethw/?id=610
03/31/2018 03:37:27 PM https://bugs.jst/bugs/gethw/?id=11843
03/31/2018 03:37:27 PM https://bugs.jst/bugs/gethw/?id=11134
03/31/2018 03:37:27 PM https://bugs.jst/bugs/gethw/?id=665
03/31/2018 03:37:27 PM https://bugs.jst/bugs/gethw/?id=713
03/31/2018 03:37:27 PM https://bugs.jst/bugs/gethw/?id=11652
03/31/2018 03:37:27 PM https://bugs.jst/bugs/gethw/?id=583
03/31/2018 03:37:27 PM https://bugs.jst/bugs/gethw/?id=11843
03/31/2018 03:37:27 PM https://bugs.jst/bugs/gethw/?id=9463
03/31/2018 03:37:27 PM https://bugs.jst/bugs/gethw/?id=579
03/31/2018 03:37:27 PM https://bugs.jst/bugs/gethw/?id=594
03/31/2018 03:37:28 PM https://bugs.jst/bugs/gethw/?ip=172.28.50.33
03/31/2018 03:37:28 PM https://bugs.jst/bugs/gethw/?id=11378
03/31/2018 03:37:28 PM https://bugs.jst/bugs/gethw/?id=11652
03/31/2018 03:37:28 PM https://bugs.jst/bugs/gethw/?id=11134
03/31/2018 03:37:28 PM https://bugs.jst/bugs/gethw/?id=9463
03/31/2018 03:37:28 PM https://bugs.jst/bugs/gethw/?id=10527
03/31/2018 03:37:28 PM https://bugs.jst/bugs/gethw/?id=11843
03/31/2018 03:37:28 PM https://bugs.jst/bugs/gethw/?id=10973
03/31/2018 03:37:28 PM https://bugs.jst/bugs/gethw/?id=610
03/31/2018 03:37:28 PM https://bugs.jst/bugs/gethw/?id=665
03/31/2018 03:37:28 PM https://bugs.jst/bugs/gethw/?id=713
03/31/2018 03:37:29 PM https://bugs.jst/bugs/gethw/?id=11826
03/31/2018 03:37:29 PM https://bugs.jst/bugs/gethw/?id=11652
03/31/2018 03:37:29 PM https://bugs.jst/bugs/gethw/?id=583
03/31/2018 03:37:29 PM https://bugs.jst/bugs/gethw/?id=11843
03/31/2018 03:37:29 PM https://bugs.jst/bugs/gethw/?id=594
03/31/2018 03:37:29 PM https://bugs.jst/bugs/gethw/?id=11652
03/31/2018 03:37:29 PM https://bugs.jst/bugs/gethw/?id=9479
03/31/2018 03:37:29 PM https://bugs.jst/bugs/gethw/?id=687
03/31/2018 03:37:29 PM https://bugs.jst/bugs/gethw/?id=11843
03/31/2018 03:37:29 PM https://bugs.jst/bugs/gethw/?id=610
03/31/2018 03:37:30 PM https://bugs.jst/bugs/gethw/?id=665
03/31/2018 03:37:30 PM https://bugs.jst/bugs/gethw/?id=713
03/31/2018 03:37:30 PM https://bugs.jst/bugs/gethw/?id=11134
03/31/2018 03:37:30 PM https://bugs.jst/bugs/gethw/?id=11652
03/31/2018 03:37:30 PM https://bugs.jst/bugs/gethw/?id=9463
03/31/2018 03:37:30 PM https://bugs.jst/bugs/gethw/?id=11843
03/31/2018 03:37:30 PM https://bugs.jst/bugs/gethw/?id=583
03/31/2018 03:37:30 PM https://bugs.jst/bugs/gethw/?id=11453
03/31/2018 03:37:30 PM https://bugs.jst/bugs/gethw/?id=9463
03/31/2018 03:37:30 PM https://bugs.jst/bugs/gethw/?id=594
03/31/2018 03:37:30 PM https://bugs.jst/bugs/gethw/?id=11652
03/31/2018 03:37:31 PM https://bugs.jst/bugs/gethw/?id=11843
03/31/2018 03:37:31 PM https://bugs.jst/bugs/gethw/?id=11134
03/31/2018 03:37:31 PM https://bugs.jst/bugs/gethw/?id=610
03/31/2018 03:37:31 PM https://bugs.jst/bugs/gethw/?id=11652
03/31/2018 03:37:31 PM https://bugs.jst/bugs/gethw/?id=665
03/31/2018 03:37:31 PM https://bugs.jst/bugs/gethw/?id=713
03/31/2018 03:37:31 PM https://bugs.jst/bugs/gethw/?id=11843
03/31/2018 03:37:31 PM https://bugs.jst/bugs/gethw/?id=583
03/31/2018 03:37:31 PM https://bugs.jst/bugs/gethw/?id=11652
03/31/2018 03:37:31 PM https://bugs.jst/bugs/gethw/?id=594
03/31/2018 03:37:31 PM https://bugs.jst/bugs/gethw/?id=11843
03/31/2018 03:37:32 PM https://bugs.jst/bugs/gethw/?ip=172.28.110.204
03/31/2018 03:37:32 PM https://bugs.jst/bugs/gethw/?id=11652
03/31/2018 03:37:32 PM https://bugs.jst/bugs/gethw/?id=665
03/31/2018 03:37:32 PM https://bugs.jst/bugs/gethw/?id=713
03/31/2018 03:37:32 PM https://bugs.jst/bugs/gethw/?id=11843
03/31/2018 03:37:32 PM https://bugs.jst/bugs/gethw/?id=583
03/31/2018 03:37:32 PM https://bugs.jst/bugs/gethw/?id=579
03/31/2018 03:37:32 PM https://bugs.jst/bugs/gethw/?id=11652
03/31/2018 03:37:32 PM https://bugs.jst/bugs/gethw/?id=594
03/31/2018 03:37:32 PM https://bugs.jst/bugs/gethw/?ip=172.28.110.194
03/31/2018 03:37:33 PM https://bugs.jst/bugs/gethw/?id=11843
03/31/2018 03:37:33 PM https://bugs.jst/bugs/gethw/?id=9555
03/31/2018 03:37:33 PM https://bugs.jst/bugs/gethw/?id=9555
03/31/2018 03:37:33 PM https://bugs.jst/bugs/gethw/?id=11652
03/31/2018 03:37:33 PM https://bugs.jst/bugs/gethw/?id=665
03/31/2018 03:37:33 PM https://bugs.jst/bugs/gethw/?id=713
03/31/2018 03:37:33 PM https://bugs.jst/bugs/gethw/?id=11843
03/31/2018 03:37:33 PM https://bugs.jst/bugs/gethw/?id=10472
03/31/2018 03:37:33 PM https://bugs.jst/bugs/gethw/?id=583
03/31/2018 03:37:33 PM https://bugs.jst/bugs/gethw/?id=11652
03/31/2018 03:37:33 PM https://bugs.jst/bugs/gethw/?id=9463
03/31/2018 03:37:34 PM https://bugs.jst/bugs/gethw/?id=697
03/31/2018 03:37:34 PM https://bugs.jst/bugs/gethw/?id=11658
03/31/2018 03:37:34 PM https://bugs.jst/bugs/gethw/?id=594
03/31/2018 03:37:34 PM https://bugs.jst/bugs/gethw/?id=11843
03/31/2018 03:37:34 PM https://bugs.jst/bugs/gethw/?id=610
03/31/2018 03:37:34 PM https://bugs.jst/bugs/gethw/?id=11652
03/31/2018 03:37:34 PM https://bugs.jst/bugs/gethw/?id=11843
03/31/2018 03:37:34 PM https://bugs.jst/bugs/gethw/?id=665
03/31/2018 03:37:34 PM https://bugs.jst/bugs/gethw/?id=713
03/31/2018 03:37:34 PM https://bugs.jst/bugs/gethw/?id=11652
03/31/2018 03:37:34 PM https://bugs.jst/bugs/gethw/?id=9683
03/31/2018 03:37:35 PM https://bugs.jst/bugs/gethw/?id=9463
03/31/2018 03:37:35 PM https://bugs.jst/bugs/gethw/?id=11843
03/31/2018 03:37:35 PM https://bugs.jst/bugs/gethw/?id=594
03/31/2018 03:37:35 PM https://bugs.jst/bugs/gethw/?id=11652
03/31/2018 03:37:35 PM https://bugs.jst/bugs/gethw/?id=610
03/31/2018 03:37:35 PM https://bugs.jst/bugs/gethw/?id=9683
03/31/2018 03:37:35 PM https://bugs.jst/bugs/gethw/?id=11843
03/31/2018 03:37:35 PM https://bugs.jst/bugs/gethw/?id=665
03/31/2018 03:37:35 PM https://bugs.jst/bugs/gethw/?id=713
03/31/2018 03:37:35 PM https://bugs.jst/bugs/gethw/?id=11652
03/31/2018 03:37:36 PM https://bugs.jst/bugs/gethw/?id=9463
03/31/2018 03:37:36 PM https://bugs.jst/bugs/gethw/?id=11843
03/31/2018 03:37:36 PM https://bugs.jst/bugs/gethw/?id=594
03/31/2018 03:37:36 PM https://bugs.jst/bugs/gethw/?id=9479
03/31/2018 03:37:36 PM https://bugs.jst/bugs/gethw/?id=11652
03/31/2018 03:37:36 PM https://bugs.jst/bugs/gethw/?id=610
03/31/2018 03:37:36 PM https://bugs.jst/bugs/gethw/?id=11843
03/31/2018 03:37:36 PM https://bugs.jst/bugs/gethw/?id=9463
03/31/2018 03:37:36 PM https://bugs.jst/bugs/gethw/?id=665
03/31/2018 03:37:36 PM https://bugs.jst/bugs/gethw/?id=713
03/31/2018 03:37:36 PM https://bugs.jst/bugs/gethw/?id=11652
03/31/2018 03:37:37 PM https://bugs.jst/bugs/gethw/?id=583
03/31/2018 03:37:37 PM https://bugs.jst/bugs/gethw/?id=11843
03/31/2018 03:37:37 PM https://bugs.jst/bugs/gethw/?id=594
03/31/2018 03:37:37 PM https://bugs.jst/bugs/gethw/?id=11652
03/31/2018 03:37:37 PM https://bugs.jst/bugs/gethw/?id=11134
03/31/2018 03:37:37 PM https://bugs.jst/bugs/gethw/?id=610
03/31/2018 03:37:37 PM https://bugs.jst/bugs/gethw/?id=11843
03/31/2018 03:37:37 PM https://bugs.jst/bugs/gethw/?id=665
03/31/2018 03:37:37 PM https://bugs.jst/bugs/gethw/?id=713
03/31/2018 03:37:37 PM https://bugs.jst/bugs/gethw/?id=11652
03/31/2018 03:37:37 PM https://bugs.jst/bugs/gethw/?id=583
03/31/2018 03:37:38 PM https://bugs.jst/bugs/gethw/?id=11843
03/31/2018 03:37:38 PM https://bugs.jst/bugs/gethw/?id=594
03/31/2018 03:37:38 PM https://bugs.jst/bugs/gethw/?id=11652
03/31/2018 03:37:38 PM https://bugs.jst/bugs/gethw/?id=11305
03/31/2018 03:37:38 PM https://bugs.jst/bugs/gethw/?id=11134
03/31/2018 03:37:38 PM https://bugs.jst/bugs/gethw/?id=610
03/31/2018 03:37:38 PM https://bugs.jst/bugs/gethw/?id=11843
03/31/2018 03:37:38 PM https://bugs.jst/bugs/gethw/?id=11652
03/31/2018 03:37:38 PM https://bugs.jst/bugs/gethw/?id=665
03/31/2018 03:37:38 PM https://bugs.jst/bugs/gethw/?id=713
03/31/2018 03:37:38 PM https://bugs.jst/bugs/gethw/?id=10472
03/31/2018 03:37:39 PM https://bugs.jst/bugs/gethw/?id=583
03/31/2018 03:37:39 PM https://bugs.jst/bugs/gethw/?id=11843
03/31/2018 03:37:39 PM https://bugs.jst/bugs/gethw/?id=579
03/31/2018 03:37:39 PM https://bugs.jst/bugs/gethw/?id=11652
03/31/2018 03:37:39 PM https://bugs.jst/bugs/gethw/?id=11305
03/31/2018 03:37:39 PM https://bugs.jst/bugs/gethw/?id=594
03/31/2018 03:37:39 PM https://bugs.jst/bugs/gethw/?id=610
03/31/2018 03:37:39 PM https://bugs.jst/bugs/gethw/?id=11843
03/31/2018 03:37:39 PM https://bugs.jst/bugs/gethw/?ip=172.28.110.215
03/31/2018 03:37:39 PM https://bugs.jst/bugs/gethw/?id=11652
03/31/2018 03:37:40 PM https://bugs.jst/bugs/gethw/?id=11134
03/31/2018 03:37:40 PM https://bugs.jst/bugs/gethw/?id=665
03/31/2018 03:37:40 PM https://bugs.jst/bugs/gethw/?id=713
03/31/2018 03:37:40 PM https://bugs.jst/bugs/gethw/?id=10551
03/31/2018 03:37:40 PM https://bugs.jst/bugs/gethw/?id=583
03/31/2018 03:37:40 PM https://bugs.jst/bugs/gethw/?id=11843
03/31/2018 03:37:40 PM https://bugs.jst/bugs/gethw/?id=11652
03/31/2018 03:37:40 PM https://bugs.jst/bugs/gethw/?ip=172.28.50.33
03/31/2018 03:37:40 PM https://bugs.jst/bugs/gethw/?id=594
03/31/2018 03:37:40 PM https://bugs.jst/bugs/gethw/?id=11843
03/31/2018 03:37:40 PM https://bugs.jst/bugs/gethw/?id=610
03/31/2018 03:37:41 PM https://bugs.jst/bugs/gethw/?id=11650
03/31/2018 03:37:41 PM https://bugs.jst/bugs/gethw/?id=11652
03/31/2018 03:37:41 PM https://bugs.jst/bugs/gethw/?ip=172.28.110.203
03/31/2018 03:37:41 PM https://bugs.jst/bugs/gethw/?id=665
03/31/2018 03:37:41 PM https://bugs.jst/bugs/gethw/?id=713
03/31/2018 03:37:41 PM https://bugs.jst/bugs/gethw/?id=11134
03/31/2018 03:37:41 PM https://bugs.jst/bugs/gethw/?id=9293
03/31/2018 03:37:41 PM https://bugs.jst/bugs/gethw/?id=583
03/31/2018 03:37:41 PM https://bugs.jst/bugs/gethw/?id=11843
03/31/2018 03:37:41 PM https://bugs.jst/bugs/gethw/?id=11652
03/31/2018 03:37:41 PM https://bugs.jst/bugs/gethw/?id=594
03/31/2018 03:37:41 PM https://bugs.jst/bugs/gethw/?id=11843
03/31/2018 03:37:42 PM https://bugs.jst/bugs/gethw/?id=610
03/31/2018 03:37:42 PM https://bugs.jst/bugs/gethw/?id=11134
03/31/2018 03:37:42 PM https://bugs.jst/bugs/gethw/?id=11652
03/31/2018 03:37:42 PM https://bugs.jst/bugs/gethw/?id=579
03/31/2018 03:37:42 PM https://bugs.jst/bugs/gethw/?id=665
03/31/2018 03:37:42 PM https://bugs.jst/bugs/gethw/?id=713
03/31/2018 03:37:42 PM https://bugs.jst/bugs/gethw/?id=11843
03/31/2018 03:37:42 PM https://bugs.jst/bugs/gethw/?id=583
03/31/2018 03:37:42 PM https://bugs.jst/bugs/gethw/?id=11652
03/31/2018 03:37:42 PM https://bugs.jst/bugs/gethw/?id=594
03/31/2018 03:37:43 PM https://bugs.jst/bugs/gethw/?id=11843
03/31/2018 03:37:43 PM https://bugs.jst/bugs/gethw/?id=11134
03/31/2018 03:37:43 PM https://bugs.jst/bugs/gethw/?id=11652
03/31/2018 03:37:43 PM https://bugs.jst/bugs/gethw/?id=610
03/31/2018 03:37:43 PM https://bugs.jst/bugs/gethw/?id=665
03/31/2018 03:37:43 PM https://bugs.jst/bugs/gethw/?id=713
03/31/2018 03:37:43 PM https://bugs.jst/bugs/gethw/?id=11843
03/31/2018 03:37:43 PM https://bugs.jst/bugs/gethw/?id=583
03/31/2018 03:37:43 PM https://bugs.jst/bugs/gethw/?id=11652
03/31/2018 03:37:43 PM https://bugs.jst/bugs/gethw/?id=11388
03/31/2018 03:37:43 PM https://bugs.jst/bugs/gethw/?id=594
03/31/2018 03:37:44 PM https://bugs.jst/bugs/gethw/?id=11843
03/31/2018 03:37:44 PM https://bugs.jst/bugs/gethw/?id=11652
03/31/2018 03:37:44 PM https://bugs.jst/bugs/gethw/?id=610
03/31/2018 03:37:44 PM https://bugs.jst/bugs/gethw/?id=665
03/31/2018 03:37:44 PM https://bugs.jst/bugs/gethw/?id=11843
03/31/2018 03:37:44 PM https://bugs.jst/bugs/gethw/?id=713
03/31/2018 03:37:44 PM https://bugs.jst/bugs/gethw/?id=11652
03/31/2018 03:37:44 PM https://bugs.jst/bugs/gethw/?id=11362
03/31/2018 03:37:44 PM https://bugs.jst/bugs/gethw/?id=583
03/31/2018 03:37:44 PM https://bugs.jst/bugs/gethw/?id=11389
03/31/2018 03:37:44 PM https://bugs.jst/bugs/gethw/?id=11843
03/31/2018 03:37:45 PM https://bugs.jst/bugs/gethw/?id=11652
03/31/2018 03:37:45 PM https://bugs.jst/bugs/gethw/?id=610
03/31/2018 03:37:45 PM https://bugs.jst/bugs/gethw/?id=10893
03/31/2018 03:37:45 PM https://bugs.jst/bugs/gethw/?id=11843
03/31/2018 03:37:45 PM https://bugs.jst/bugs/gethw/?id=665
03/31/2018 03:37:45 PM https://bugs.jst/bugs/gethw/?id=713
03/31/2018 03:37:45 PM https://bugs.jst/bugs/gethw/?id=11652
03/31/2018 03:37:45 PM https://bugs.jst/bugs/gethw/?id=583
03/31/2018 03:37:45 PM https://bugs.jst/bugs/gethw/?id=6819
03/31/2018 03:37:45 PM https://bugs.jst/bugs/gethw/?id=11843
03/31/2018 03:37:45 PM https://bugs.jst/bugs/gethw/?ip=172.28.110.203
03/31/2018 03:37:46 PM https://bugs.jst/bugs/gethw/?id=594
03/31/2018 03:37:46 PM https://bugs.jst/bugs/gethw/?id=11652
03/31/2018 03:37:46 PM https://bugs.jst/bugs/gethw/?id=610
03/31/2018 03:37:46 PM https://bugs.jst/bugs/gethw/?id=11843
03/31/2018 03:37:46 PM https://bugs.jst/bugs/gethw/?id=665
03/31/2018 03:37:46 PM https://bugs.jst/bugs/gethw/?id=11652
03/31/2018 03:37:46 PM https://bugs.jst/bugs/gethw/?id=713
03/31/2018 03:37:46 PM https://bugs.jst/bugs/gethw/?id=583
03/31/2018 03:37:46 PM https://bugs.jst/bugs/gethw/?ip=172.28.110.194
03/31/2018 03:37:46 PM https://bugs.jst/bugs/gethw/?id=11843
03/31/2018 03:37:46 PM https://bugs.jst/bugs/gethw/?id=11652
03/31/2018 03:37:47 PM https://bugs.jst/bugs/gethw/?id=594
03/31/2018 03:37:47 PM https://bugs.jst/bugs/gethw/?id=610
03/31/2018 03:37:47 PM https://bugs.jst/bugs/gethw/?id=11843
03/31/2018 03:37:47 PM https://bugs.jst/bugs/gethw/?id=11778
03/31/2018 03:37:47 PM https://bugs.jst/bugs/gethw/?id=11652
03/31/2018 03:37:47 PM https://bugs.jst/bugs/gethw/?id=665
03/31/2018 03:37:47 PM https://bugs.jst/bugs/gethw/?id=713
03/31/2018 03:37:47 PM https://bugs.jst/bugs/gethw/?id=583
03/31/2018 03:37:47 PM https://bugs.jst/bugs/gethw/?id=11843
03/31/2018 03:37:47 PM https://bugs.jst/bugs/gethw/?id=12454
03/31/2018 03:37:47 PM https://bugs.jst/bugs/gethw/?id=11652
03/31/2018 03:37:48 PM https://bugs.jst/bugs/gethw/?id=594
03/31/2018 03:37:48 PM https://bugs.jst/bugs/gethw/?id=610
03/31/2018 03:37:48 PM https://bugs.jst/bugs/gethw/?id=11843
03/31/2018 03:37:48 PM https://bugs.jst/bugs/gethw/?id=11652
03/31/2018 03:37:48 PM https://bugs.jst/bugs/gethw/?id=598
03/31/2018 03:37:48 PM https://bugs.jst/bugs/gethw/?id=665
03/31/2018 03:37:48 PM https://bugs.jst/bugs/gethw/?id=713
03/31/2018 03:37:48 PM https://bugs.jst/bugs/gethw/?id=735
03/31/2018 03:37:48 PM https://bugs.jst/bugs/gethw/?id=583
03/31/2018 03:37:48 PM https://bugs.jst/bugs/gethw/?id=11843
03/31/2018 03:37:48 PM https://bugs.jst/bugs/gethw/?id=11652
03/31/2018 03:37:49 PM https://bugs.jst/bugs/gethw/?id=594
03/31/2018 03:37:49 PM https://bugs.jst/bugs/gethw/?id=11635
03/31/2018 03:37:49 PM https://bugs.jst/bugs/gethw/?id=11843
03/31/2018 03:37:49 PM https://bugs.jst/bugs/gethw/?id=11652
03/31/2018 03:37:49 PM https://bugs.jst/bugs/gethw/?id=665
03/31/2018 03:37:49 PM https://bugs.jst/bugs/gethw/?id=713
03/31/2018 03:37:49 PM https://bugs.jst/bugs/gethw/?id=11134
03/31/2018 03:37:49 PM https://bugs.jst/bugs/gethw/?id=9463
03/31/2018 03:37:49 PM https://bugs.jst/bugs/gethw/?id=11843
03/31/2018 03:37:49 PM https://bugs.jst/bugs/gethw/?id=583
03/31/2018 03:37:50 PM https://bugs.jst/bugs/gethw/?id=11652
03/31/2018 03:37:50 PM https://bugs.jst/bugs/gethw/?id=9463
03/31/2018 03:37:50 PM https://bugs.jst/bugs/gethw/?id=594
03/31/2018 03:37:50 PM https://bugs.jst/bugs/gethw/?id=9479
03/31/2018 03:37:50 PM https://bugs.jst/bugs/gethw/?id=11843
03/31/2018 03:37:50 PM https://bugs.jst/bugs/gethw/?id=610
03/31/2018 03:37:50 PM https://bugs.jst/bugs/gethw/?id=11652
03/31/2018 03:37:50 PM https://bugs.jst/bugs/gethw/?id=9463
03/31/2018 03:37:50 PM https://bugs.jst/bugs/gethw/?id=665
03/31/2018 03:37:50 PM https://bugs.jst/bugs/gethw/?id=713
03/31/2018 03:37:50 PM https://bugs.jst/bugs/gethw/?id=11814
03/31/2018 03:37:51 PM https://bugs.jst/bugs/gethw/?id=11134
03/31/2018 03:37:51 PM https://bugs.jst/bugs/gethw/?id=11729
03/31/2018 03:37:51 PM https://bugs.jst/bugs/gethw/?id=11843
03/31/2018 03:37:51 PM https://bugs.jst/bugs/gethw/?id=583
03/31/2018 03:37:51 PM https://bugs.jst/bugs/gethw/?id=11738
03/31/2018 03:37:51 PM https://bugs.jst/bugs/gethw/?id=11652
03/31/2018 03:37:51 PM https://bugs.jst/bugs/gethw/?id=11686
03/31/2018 03:37:51 PM https://bugs.jst/bugs/gethw/?id=594
